build/app/intermediates/proguard-rules/release/aapt_rules.txt
# Referenced at processReleaseManifest\merged\AndroidManifest.xml:24
-keep class com.example.previsao_tempo.MainActivity { <init>(...); }
# Referenced at processReleaseManifest\merged\AndroidManifest.xml:19
-keep class io.flutter.app.FlutterApplication { <init>(...); }
# Referenced at processReleaseManifest\merged\AndroidManifest.xml:48
-keep class io.flutter.plugins.urllauncher.WebViewActivity { <init>(...); }