build/app/outputs/mapping/r8/release/mapping.txt
# compiler: R8
# compiler_version: 1.2.49
# min_api: 16
com.example.previsao_tempo.MainActivity -> com.example.previsao_tempo.MainActivity:
...
androidx.lifecycle.GenericLifecycleObserver -> androidx.lifecycle.a:
androidx.lifecycle.Lifecycle -> androidx.lifecycle.b:
androidx.lifecycle.LifecycleEventObserver -> androidx.lifecycle.c:
androidx.lifecycle.LifecycleObserver -> androidx.lifecycle.d:
androidx.lifecycle.Lifecycling$1 -> androidx.lifecycle.Lifecycling$1:
androidx.lifecycle.LiveData$LifecycleBoundObserver -> androidx.lifecycle.LiveData$LifecycleBoundObserver:
androidx.lifecycle.LiveData$ObserverWrapper -> androidx.lifecycle.LiveData$a:
androidx.lifecycle.ReflectiveGenericLifecycleObserver -> androidx.lifecycle.ReflectiveGenericLifecycleObserver:
androidx.lifecycle.SingleGeneratedAdapterObserver -> androidx.lifecycle.SingleGeneratedAdapterObserver:
androidx.savedstate.Recreator -> androidx.savedstate.Recreator:
androidx.savedstate.SavedStateRegistry$1 -> androidx.savedstate.SavedStateRegistry$1:
androidx.versionedparcelable.CustomVersionedParcelable -> androidx.versionedparcelable.CustomVersionedParcelable:
androidx.versionedparcelable.ParcelImpl -> androidx.versionedparcelable.ParcelImpl:
    androidx.versionedparcelable.VersionedParcelable mParcel -> a
androidx.versionedparcelable.ParcelImpl$1 -> androidx.versionedparcelable.a:
androidx.versionedparcelable.VersionedParcel -> androidx.versionedparcelable.b:
    androidx.collection.ArrayMap mParcelizerCache -> c
    androidx.collection.ArrayMap mReadCache -> a
    androidx.collection.ArrayMap mWriteCache -> b
    java.lang.Class findParcelClass(java.lang.Class) -> b
    java.lang.reflect.Method getReadMethod(java.lang.String) -> b
    java.lang.reflect.Method getWriteMethod(java.lang.Class) -> a
    void writeVersionedParcelableCreator(androidx.versionedparcelable.VersionedParcelable) -> b
    android.os.Parcelable readParcelable() -> h
    android.os.Parcelable readParcelable(android.os.Parcelable,int) -> b
    androidx.versionedparcelable.VersionedParcel createSubParcel() -> c
    androidx.versionedparcelable.VersionedParcelable readFromParcel(java.lang.String,androidx.versionedparcelable.VersionedParcel) -> a
    androidx.versionedparcelable.VersionedParcelable readVersionedParcelable() -> j
    androidx.versionedparcelable.VersionedParcelable readVersionedParcelable(androidx.versionedparcelable.VersionedParcelable,int) -> b
    boolean isStream() -> a
    boolean readBoolean() -> i
    boolean readBoolean(boolean,int) -> b
    boolean readField(int) -> b
    byte[] readByteArray() -> f
    byte[] readByteArray(byte[],int) -> b
    int readInt() -> d
    int readInt(int,int) -> b
    java.lang.CharSequence readCharSequence() -> g
    java.lang.CharSequence readCharSequence(java.lang.CharSequence,int) -> b
    java.lang.String readString() -> e
androidx.versionedparcelable.VersionedParcelParcel -> androidx.versionedparcelable.c:
    android.os.Parcel mParcel -> e
    android.util.SparseIntArray mPositionLookup -> d
    int mCurrentField -> i
    int mEnd -> g
    int mFieldId -> k
    int mNextRead -> j
    int mOffset -> f
    java.lang.String mPrefix -> h
    android.os.Parcelable readParcelable() -> h
    androidx.versionedparcelable.VersionedParcel createSubParcel() -> c
    boolean readBoolean() -> i
    boolean readField(int) -> b
    byte[] readByteArray() -> f
    int readInt() -> d
    java.lang.CharSequence readCharSequence() -> g
    java.lang.String readString() -> e
    void closeField() -> b
    void setOutputField(int) -> c
    void writeBoolean(boolean) -> a
    void writeByteArray(byte[]) -> a
    void writeCharSequence(java.lang.CharSequence) -> a
    void writeInt(int) -> a
    void writeParcelable(android.os.Parcelable) -> a
    void writeString(java.lang.String) -> a
androidx.versionedparcelable.VersionedParcelable -> androidx.versionedparcelable.d: